::1 - - [31/Jul/2022:16:42:15 +0000] "GET / HTTP/1.1" 404 30 "-" "Mozilla/5.0 (Windows NT 10.0; Win64; x64) AppleWebKit/537.36 (KHTML, like Gecko) Chrome/103.0.0.0 Safari/537.36"
::1 - - [31/Jul/2022:17:04:18 +0000] "GET / HTTP/1.1" 404 30 "-" "Mozilla/5.0 (Windows NT 10.0; Win64; x64) AppleWebKit/537.36 (KHTML, like Gecko) Chrome/103.0.0.0 Safari/537.36"
::1 - - [31/Jul/2022:17:04:18 +0000] "GET /favicon.ico HTTP/1.1" 404 30 "http://localhost:3000/" "Mozilla/5.0 (Windows NT 10.0; Win64; x64) AppleWebKit/537.36 (KHTML, like Gecko) Chrome/103.0.0.0 Safari/537.36"
::1 - - [22/Aug/2022:22:36:22 +0000] "GET / HTTP/1.1" 404 30 "-" "Mozilla/5.0 (X11; Linux x86_64) AppleWebKit/537.36 (KHTML, like Gecko) Chrome/104.0.0.0 Safari/537.36"
::1 - - [22/Aug/2022:22:36:22 +0000] "GET /favicon.ico HTTP/1.1" 404 30 "http://localhost:3000/" "Mozilla/5.0 (X11; Linux x86_64) AppleWebKit/537.36 (KHTML, like Gecko) Chrome/104.0.0.0 Safari/537.36"
::1 - - [22/Aug/2022:22:36:38 +0000] "GET / HTTP/1.1" 404 26 "-" "Mozilla/5.0 (X11; Linux x86_64) AppleWebKit/537.36 (KHTML, like Gecko) Chrome/104.0.0.0 Safari/537.36"
::1 - - [22/Aug/2022:22:37:23 +0000] "GET /abilities HTTP/1.1" 200 89301 "-" "Mozilla/5.0 (X11; Linux x86_64) AppleWebKit/537.36 (KHTML, like Gecko) Chrome/104.0.0.0 Safari/537.36"
::1 - - [22/Aug/2022:22:37:29 +0000] "GET /abilities HTTP/1.1" 304 - "-" "Mozilla/5.0 (X11; Linux x86_64) AppleWebKit/537.36 (KHTML, like Gecko) Chrome/104.0.0.0 Safari/537.36"
::ffff:127.0.0.1 - - [22/Aug/2022:22:43:43 +0000] "GET /abilities HTTP/1.1" 200 89301 "-" "insomnia/2022.5.1"
::ffff:127.0.0.1 - - [22/Aug/2022:22:47:48 +0000] "GET /abilities HTTP/1.1" 200 89364 "-" "insomnia/2022.5.1"
::ffff:127.0.0.1 - - [22/Aug/2022:22:54:14 +0000] "GET /pokemons HTTP/1.1" 200 1196481 "-" "insomnia/2022.5.1"
::1 - - [25/Aug/2022:22:44:19 +0000] "GET /pokemons HTTP/1.1" 200 1196481 "-" "PostmanRuntime/7.29.0"
::1 - - [25/Aug/2022:22:44:52 +0000] "POST /pokemons HTTP/1.1" 404 26 "-" "PostmanRuntime/7.29.0"
::1 - - [25/Aug/2022:22:46:12 +0000] "GET /pokemons/1 HTTP/1.1" 200 1465 "-" "PostmanRuntime/7.29.0"
::1 - - [25/Aug/2022:22:46:28 +0000] "GET /pokemons/546 HTTP/1.1" 200 1483 "-" "PostmanRuntime/7.29.0"
::1 - - [25/Aug/2022:22:48:10 +0000] "GET /pokemons/546 HTTP/1.1" 500 81 "-" "PostmanRuntime/7.29.0"
::1 - - [25/Aug/2022:22:48:13 +0000] "GET /pokemons/546 HTTP/1.1" 500 81 "-" "PostmanRuntime/7.29.0"
::1 - - [25/Aug/2022:22:49:10 +0000] "GET /pokemons/546 HTTP/1.1" 200 1483 "-" "PostmanRuntime/7.29.0"
::1 - - [25/Aug/2022:22:49:44 +0000] "GET /pokemon/s432 HTTP/1.1" 404 26 "-" "PostmanRuntime/7.29.0"
::1 - - [25/Aug/2022:22:50:17 +0000] "GET /pokemons/432 HTTP/1.1" 200 1485 "-" "PostmanRuntime/7.29.0"
::1 - - [25/Aug/2022:22:51:03 +0000] "GET /pokemons/432 HTTP/1.1" 200 1466 "-" "PostmanRuntime/7.29.0"
::1 - - [25/Aug/2022:22:56:38 +0000] "GET /pokemons/432 HTTP/1.1" 500 70 "-" "PostmanRuntime/7.29.0"
::1 - - [25/Aug/2022:23:00:44 +0000] "GET /pokemons/432 HTTP/1.1" 500 70 "-" "PostmanRuntime/7.29.0"
::1 - - [25/Aug/2022:23:01:11 +0000] "GET /pokemons/432 HTTP/1.1" 500 70 "-" "PostmanRuntime/7.29.0"
::1 - - [25/Aug/2022:23:01:17 +0000] "GET /pokemons/432 HTTP/1.1" 500 70 "-" "PostmanRuntime/7.29.0"
::1 - - [25/Aug/2022:23:01:30 +0000] "GET /pokemons/432 HTTP/1.1" 500 70 "-" "PostmanRuntime/7.29.0"
::1 - - [25/Aug/2022:23:02:03 +0000] "GET /pokemons/432 HTTP/1.1" 500 70 "-" "PostmanRuntime/7.29.0"
::1 - - [25/Aug/2022:23:02:05 +0000] "GET /pokemons/432 HTTP/1.1" 500 70 "-" "PostmanRuntime/7.29.0"
::1 - - [25/Aug/2022:23:02:06 +0000] "GET /pokemons/432 HTTP/1.1" 500 70 "-" "PostmanRuntime/7.29.0"
::1 - - [25/Aug/2022:23:02:35 +0000] "GET /pokemons/432 HTTP/1.1" 500 41 "-" "PostmanRuntime/7.29.0"
::1 - - [25/Aug/2022:23:02:36 +0000] "GET /pokemons/432 HTTP/1.1" 500 41 "-" "PostmanRuntime/7.29.0"
::1 - - [25/Aug/2022:23:02:42 +0000] "GET /pokemons/432 HTTP/1.1" 500 63 "-" "PostmanRuntime/7.29.0"
::1 - - [25/Aug/2022:23:02:43 +0000] "GET /pokemons/432 HTTP/1.1" 500 63 "-" "PostmanRuntime/7.29.0"
::1 - - [25/Aug/2022:23:02:53 +0000] "GET /pokemons/432 HTTP/1.1" 200 1466 "-" "PostmanRuntime/7.29.0"
::1 - - [25/Aug/2022:23:03:24 +0000] "GET /pokemons/432 HTTP/1.1" 200 1466 "-" "PostmanRuntime/7.29.0"
::1 - - [25/Aug/2022:23:03:33 +0000] "GET /pokemons/432 HTTP/1.1" 200 1466 "-" "PostmanRuntime/7.29.0"
::1 - - [25/Aug/2022:23:04:18 +0000] "GET /pokemons/432 HTTP/1.1" 200 284 "-" "PostmanRuntime/7.29.0"
::1 - - [25/Aug/2022:23:14:34 +0000] "GET /pokemons/432 HTTP/1.1" 500 81 "-" "PostmanRuntime/7.29.0"
::1 - - [25/Aug/2022:23:14:36 +0000] "GET /pokemons/432 HTTP/1.1" 500 81 "-" "PostmanRuntime/7.29.0"
::1 - - [25/Aug/2022:23:14:42 +0000] "GET /pokemons/432 HTTP/1.1" 500 82 "-" "PostmanRuntime/7.29.0"
::1 - - [25/Aug/2022:23:14:43 +0000] "GET /pokemons/432 HTTP/1.1" 500 82 "-" "PostmanRuntime/7.29.0"
::1 - - [25/Aug/2022:23:17:27 +0000] "GET /pokemons/432 HTTP/1.1" 200 188 "-" "PostmanRuntime/7.29.0"
::1 - - [25/Aug/2022:23:17:49 +0000] "GET /pokemons/432 HTTP/1.1" 200 190 "-" "PostmanRuntime/7.29.0"
::1 - - [25/Aug/2022:23:17:56 +0000] "GET /pokemons/432 HTTP/1.1" 200 190 "-" "PostmanRuntime/7.29.0"
::1 - - [25/Aug/2022:23:18:40 +0000] "GET /pokemons/546 HTTP/1.1" 200 310 "-" "PostmanRuntime/7.29.0"
::1 - - [25/Aug/2022:23:20:27 +0000] "GET /pokemons/546 HTTP/1.1" 500 71 "-" "PostmanRuntime/7.29.0"
::1 - - [25/Aug/2022:23:21:11 +0000] "GET /pokemons/546 HTTP/1.1" 500 72 "-" "PostmanRuntime/7.29.0"
::1 - - [25/Aug/2022:23:22:43 +0000] "GET /pokemons/546 HTTP/1.1" 500 74 "-" "PostmanRuntime/7.29.0"
::1 - - [25/Aug/2022:23:23:13 +0000] "GET /pokemons/546 HTTP/1.1" 500 80 "-" "PostmanRuntime/7.29.0"
::1 - - [25/Aug/2022:23:23:36 +0000] "GET /pokemons/546 HTTP/1.1" 500 74 "-" "PostmanRuntime/7.29.0"
::1 - - [25/Aug/2022:23:24:52 +0000] "GET /pokemons/546 HTTP/1.1" 500 77 "-" "PostmanRuntime/7.29.0"
::1 - - [25/Aug/2022:23:24:57 +0000] "GET /pokemons/546 HTTP/1.1" 500 75 "-" "PostmanRuntime/7.29.0"
::1 - - [25/Aug/2022:23:25:42 +0000] "GET /pokemons/546 HTTP/1.1" 500 75 "-" "PostmanRuntime/7.29.0"
::1 - - [25/Aug/2022:23:25:48 +0000] "GET /pokemons/546 HTTP/1.1" 500 74 "-" "PostmanRuntime/7.29.0"
::1 - - [25/Aug/2022:23:26:29 +0000] "GET /pokemons/546 HTTP/1.1" 200 639 "-" "PostmanRuntime/7.29.0"
::1 - - [25/Aug/2022:23:27:44 +0000] "GET /pokemons/546 HTTP/1.1" 200 639 "-" "PostmanRuntime/7.29.0"
